[16:58:39] [INFO] [FabricLoader/GameProvider]: Loading Minecraft 1.20.1 with Fabric Loader 0.16.2
[16:58:39] [ERROR] [FabricLoader/]: Uncaught exception in thread "main"
java.util.ServiceConfigurationError: java.nio.file.spi.FileSystemProvider: Provider org.gradle.internal.impldep.org.apache.sshd.sftp.client.fs.SftpFileSystemProvider could not be instantiated
	at java.base/java.util.ServiceLoader.fail(ServiceLoader.java:586)
	at java.base/java.util.ServiceLoader$ProviderImpl.newInstance(ServiceLoader.java:813)
	at java.base/java.util.ServiceLoader$ProviderImpl.get(ServiceLoader.java:729)
	at java.base/java.util.ServiceLoader$3.next(ServiceLoader.java:1403)
	at java.base/java.nio.file.spi.FileSystemProvider.loadInstalledProviders(FileSystemProvider.java:156)
	at java.base/java.nio.file.spi.FileSystemProvider$1.run(FileSystemProvider.java:207)
	at java.base/java.nio.file.spi.FileSystemProvider$1.run(FileSystemProvider.java:204)
	at java.base/java.security.AccessController.doPrivileged(AccessController.java:318)
	at java.base/java.nio.file.spi.FileSystemProvider.installedProviders(FileSystemProvider.java:204)
	at java.base/java.nio.file.FileSystems.getFileSystem(FileSystems.java:233)
	at net.fabricmc.loader.impl.util.FileSystemUtil.getJarFileSystem(FileSystemUtil.java:75)
	at net.fabricmc.loader.impl.util.FileSystemUtil.getJarFileSystem(FileSystemUtil.java:59)
	at net.fabricmc.loader.impl.launch.knot.KnotClassDelegate.lambda$getMetadata$0(KnotClassDelegate.java:384)
	at java.base/java.util.concurrent.ConcurrentHashMap.computeIfAbsent(ConcurrentHashMap.java:1740)
	at net.fabricmc.loader.impl.launch.knot.KnotClassDelegate.getMetadata(KnotClassDelegate.java:367)
	at net.fabricmc.loader.impl.launch.knot.KnotClassDelegate.getMetadata(KnotClassDelegate.java:363)
	at net.fabricmc.loader.impl.launch.knot.KnotClassDelegate.tryLoadClass(KnotClassDelegate.java:338)
	at net.fabricmc.loader.impl.launch.knot.KnotClassDelegate.loadClass(KnotClassDelegate.java:218)
	at net.fabricmc.loader.impl.launch.knot.KnotClassLoader.loadClass(KnotClassLoader.java:119)
	at java.base/java.lang.ClassLoader.loadClass(ClassLoader.java:520)
	at org.apache.logging.log4j.core.config.xml.XmlConfigurationFactory.getConfiguration(XmlConfigurationFactory.java:46)
	at org.apache.logging.log4j.core.config.ConfigurationFactory$Factory.getConfiguration(ConfigurationFactory.java:499)
	at org.apache.logging.log4j.core.config.ConfigurationFactory$Factory.getConfiguration(ConfigurationFactory.java:474)
	at org.apache.logging.log4j.core.config.ConfigurationFactory$Factory.getConfiguration(ConfigurationFactory.java:398)
	at org.apache.logging.log4j.core.config.ConfigurationFactory.getConfiguration(ConfigurationFactory.java:318)
	at org.apache.logging.log4j.core.LoggerContext.reconfigure(LoggerContext.java:690)
	at org.apache.logging.log4j.core.LoggerContext.reconfigure(LoggerContext.java:711)
	at org.apache.logging.log4j.core.LoggerContext.start(LoggerContext.java:253)
	at org.apache.logging.log4j.core.impl.Log4jContextFactory.getContext(Log4jContextFactory.java:245)
	at org.apache.logging.log4j.core.impl.Log4jContextFactory.getContext(Log4jContextFactory.java:47)
	at org.apache.logging.log4j.LogManager.getContext(LogManager.java:176)
	at org.apache.logging.log4j.LogManager.getLogger(LogManager.java:666)
	at net.fabricmc.loader.impl.game.minecraft.Log4jLogHandler.getLogger(Log4jLogHandler.java:58)
	at net.fabricmc.loader.impl.game.minecraft.Log4jLogHandler.log(Log4jLogHandler.java:51)
	at net.fabricmc.loader.impl.util.log.BuiltinLogHandler.replay(BuiltinLogHandler.java:128)
	at net.fabricmc.loader.impl.util.log.Log.init(Log.java:34)
	at net.fabricmc.loader.impl.game.minecraft.MinecraftGameProvider.setupLogHandler(MinecraftGameProvider.java:386)
	at net.fabricmc.loader.impl.game.minecraft.MinecraftGameProvider.initialize(MinecraftGameProvider.java:357)
	at net.fabricmc.loader.impl.launch.knot.Knot.init(Knot.java:140)
	at net.fabricmc.loader.impl.launch.knot.Knot.launch(Knot.java:68)
	at net.fabricmc.loader.impl.launch.knot.KnotServer.main(KnotServer.java:23)
	at net.fabricmc.devlaunchinjector.Main.main(Main.java:86)
Caused by: java.lang.Error: Circular loading of installed providers detected
	at java.base/java.nio.file.spi.FileSystemProvider.installedProviders(FileSystemProvider.java:198)
	at java.base/java.nio.file.FileSystems.getFileSystem(FileSystems.java:233)
	at net.fabricmc.loader.impl.util.FileSystemUtil.getJarFileSystem(FileSystemUtil.java:75)
	at net.fabricmc.loader.impl.util.FileSystemUtil.getJarFileSystem(FileSystemUtil.java:59)
	at net.fabricmc.loader.impl.launch.knot.KnotClassDelegate.lambda$getMetadata$0(KnotClassDelegate.java:384)
	at java.base/java.util.concurrent.ConcurrentHashMap.computeIfAbsent(ConcurrentHashMap.java:1740)
	at net.fabricmc.loader.impl.launch.knot.KnotClassDelegate.getMetadata(KnotClassDelegate.java:367)
	at net.fabricmc.loader.impl.launch.knot.KnotClassDelegate.getMetadata(KnotClassDelegate.java:363)
	at net.fabricmc.loader.impl.launch.knot.KnotClassDelegate.tryLoadClass(KnotClassDelegate.java:338)
	at net.fabricmc.loader.impl.launch.knot.KnotClassDelegate.loadClass(KnotClassDelegate.java:218)
	at net.fabricmc.loader.impl.launch.knot.KnotClassLoader.loadClass(KnotClassLoader.java:119)
	at java.base/java.lang.ClassLoader.loadClass(ClassLoader.java:520)
	at org.gradle.internal.impldep.org.apache.sshd.common.util.threads.ThreadUtils.createDefaultInstance(ThreadUtils.java:167)
	at org.gradle.internal.impldep.org.apache.sshd.common.util.threads.ThreadUtils.createDefaultInstance(ThreadUtils.java:176)
	at org.gradle.internal.impldep.org.apache.sshd.common.util.threads.ThreadUtils.createDefaultInstance(ThreadUtils.java:161)
	at org.gradle.internal.impldep.org.apache.sshd.common.util.security.SecurityUtils.register(SecurityUtils.java:431)
	at org.gradle.internal.impldep.org.apache.sshd.common.util.security.SecurityUtils.createSecurityEntityFactory(SecurityUtils.java:723)
	at org.gradle.internal.impldep.org.apache.sshd.common.util.security.SecurityUtils.lambda$resolveSecurityEntityFactory$1(SecurityUtils.java:715)
	at java.base/java.util.TreeMap.callMappingFunctionWithCheck(TreeMap.java:748)
	at java.base/java.util.TreeMap.computeIfAbsent(TreeMap.java:558)
	at org.gradle.internal.impldep.org.apache.sshd.common.util.security.SecurityUtils.resolveSecurityEntityFactory(SecurityUtils.java:714)
	at org.gradle.internal.impldep.org.apache.sshd.common.util.security.SecurityUtils.getMessageDigest(SecurityUtils.java:759)
	at org.gradle.internal.impldep.org.apache.sshd.common.digest.DigestUtils.checkSupported(DigestUtils.java:53)
	at org.gradle.internal.impldep.org.apache.sshd.common.digest.BuiltinDigests.<init>(BuiltinDigests.java:59)
	at org.gradle.internal.impldep.org.apache.sshd.common.digest.BuiltinDigests.<clinit>(BuiltinDigests.java:36)
	at org.gradle.internal.impldep.org.apache.sshd.common.cipher.ECCurves.<clinit>(ECCurves.java:62)
	at org.gradle.internal.impldep.org.apache.sshd.common.keyprovider.KeyPairProvider.<clinit>(KeyPairProvider.java:63)
	at org.gradle.internal.impldep.org.apache.sshd.common.signature.BuiltinSignatures.<clinit>(BuiltinSignatures.java:155)
	at org.gradle.internal.impldep.org.apache.sshd.common.BaseBuilder.<clinit>(BaseBuilder.java:123)
	at org.gradle.internal.impldep.org.apache.sshd.client.SshClient.setUpDefaultClient(SshClient.java:974)
	at org.gradle.internal.impldep.org.apache.sshd.sftp.client.fs.SftpFileSystemProvider.<init>(SftpFileSystemProvider.java:189)
	at org.gradle.internal.impldep.org.apache.sshd.sftp.client.fs.SftpFileSystemProvider.<init>(SftpFileSystemProvider.java:164)
	at org.gradle.internal.impldep.org.apache.sshd.sftp.client.fs.SftpFileSystemProvider.<init>(SftpFileSystemProvider.java:160)
	at org.gradle.internal.impldep.org.apache.sshd.sftp.client.fs.SftpFileSystemProvider.<init>(SftpFileSystemProvider.java:156)
	at org.gradle.internal.impldep.org.apache.sshd.sftp.client.fs.SftpFileSystemProvider.<init>(SftpFileSystemProvider.java:148)
	at java.base/jdk.internal.reflect.NativeConstructorAccessorImpl.newInstance0(Native Method)
	at java.base/jdk.internal.reflect.NativeConstructorAccessorImpl.newInstance(NativeConstructorAccessorImpl.java:77)
	at java.base/jdk.internal.reflect.DelegatingConstructorAccessorImpl.newInstance(DelegatingConstructorAccessorImpl.java:45)
	at java.base/java.lang.reflect.Constructor.newInstanceWithCaller(Constructor.java:499)
	at java.base/java.lang.reflect.Constructor.newInstance(Constructor.java:480)
	at java.base/java.util.ServiceLoader$ProviderImpl.newInstance(ServiceLoader.java:789)
	... 40 more
